This file contains any messages produced by compilers while
running configure, to aid debugging if configure makes a mistake.

It was created by mcl configure 12-068, which was
generated by GNU Autoconf 2.65.  Invocation command line was

  $ ./mcl-12-068/configure --prefix=/Users/krantikonganti/Projects/jcai/SBEToolbox/plugins/Correlation_Network/unix/.

## --------- ##
## Platform. ##
## --------- ##

hostname = Krantis-MacBook-Pro.local
uname -m = x86_64
uname -r = 11.4.2
uname -s = Darwin
uname -v = Darwin Kernel Version 11.4.2: Thu Aug 23 16:25:48 PDT 2012; root:xnu-1699.32.7~1/RELEASE_X86_64

/usr/bin/uname -p = i386
/bin/uname -X     = unknown

/bin/arch              = unknown
/usr/bin/arch -k       = unknown
/usr/convex/getsysinfo = unknown
/usr/bin/hostinfo      = Mach kernel version:
	 Darwin Kernel Version 11.4.2: Thu Aug 23 16:25:48 PDT 2012; root:xnu-1699.32.7~1/RELEASE_X86_64
Kernel configured for up to 8 processors.
4 processors are physically available.
8 processors are logically available.
Processor type: i486 (Intel 80486)
Processors active: 0 1 2 3 4 5 6 7
Primary memory available: 8.00 gigabytes
Default processor set: 119 tasks, 797 threads, 8 processors
Load average: 3.61, Mach factor: 4.37
/bin/machine           = unknown
/usr/bin/oslevel       = unknown
/bin/universe          = unknown

PATH: /usr/bin
PATH: /bin
PATH: /usr/sbin
PATH: /sbin


## ----------- ##
## Core tests. ##
## ----------- ##

configure:2237: checking for a BSD-compatible install
configure:2305: result: /usr/bin/install -c
configure:2316: checking whether build environment is sane
configure:2366: result: yes
configure:2507: checking for a thread-safe mkdir -p
configure:2546: result: ./mcl-12-068/autofoo/install-sh -c -d
configure:2559: checking for gawk
configure:2589: result: no
configure:2559: checking for mawk
configure:2589: result: no
configure:2559: checking for nawk
configure:2589: result: no
configure:2559: checking for awk
configure:2575: found /usr/bin/awk
configure:2586: result: awk
configure:2597: checking whether make sets $(MAKE)
configure:2619: result: yes
configure:2706: checking whether to enable maintainer-specific portions of Makefiles
configure:2715: result: no
configure:2745: checking for style of include used by make
configure:2773: result: GNU
configure:2843: checking for gcc
configure:2859: found /usr/bin/gcc
configure:2870: result: gcc
configure:3099: checking for C compiler version
configure:3108: gcc --version >&5
i686-apple-darwin11-llvm-gcc-4.2 (GCC) 4.2.1 (Based on Apple Inc. build 5658) (LLVM build 2336.1.00)
Copyright (C) 2007 Free Software Foundation, Inc.
This is free software; see the source for copying conditions.  There is NO
warranty; not even for MERCHANTABILITY or FITNESS FOR A PARTICULAR PURPOSE.

configure:3119: $? = 0
configure:3108: gcc -v >&5
Using built-in specs.
Target: i686-apple-darwin11
Configured with: /private/var/tmp/llvmgcc42/llvmgcc42-2336.1~22/src/configure --disable-checking --enable-werror --prefix=/Developer/usr/llvm-gcc-4.2 --mandir=/share/man --enable-languages=c,objc,c++,obj-c++ --program-prefix=llvm- --program-transform-name=/^[cg][^.-]*$/s/$/-4.2/ --with-slibdir=/usr/lib --build=i686-apple-darwin11 --enable-llvm=/private/var/tmp/llvmgcc42/llvmgcc42-2336.1~22/dst-llvmCore/Developer/usr/local --program-prefix=i686-apple-darwin11- --host=x86_64-apple-darwin11 --target=i686-apple-darwin11 --with-gxx-include-dir=/usr/include/c++/4.2.1
Thread model: posix
gcc version 4.2.1 (Based on Apple Inc. build 5658) (LLVM build 2336.1.00)
configure:3119: $? = 0
configure:3108: gcc -V >&5
llvm-gcc-4.2: argument to `-V' is missing
configure:3119: $? = 1
configure:3108: gcc -qversion >&5
i686-apple-darwin11-llvm-gcc-4.2: no input files
configure:3119: $? = 1
configure:3139: checking whether the C compiler works
configure:3161: gcc    conftest.c  >&5
configure:3165: $? = 0
configure:3214: result: yes
configure:3217: checking for C compiler default output file name
configure:3219: result: a.out
configure:3225: checking for suffix of executables
configure:3232: gcc -o conftest    conftest.c  >&5
configure:3236: $? = 0
configure:3258: result: 
configure:3280: checking whether we are cross compiling
configure:3288: gcc -o conftest    conftest.c  >&5
configure:3292: $? = 0
configure:3299: ./conftest
configure:3303: $? = 0
configure:3318: result: no
configure:3323: checking for suffix of object files
configure:3345: gcc -c   conftest.c >&5
configure:3349: $? = 0
configure:3370: result: o
configure:3374: checking whether we are using the GNU C compiler
configure:3393: gcc -c   conftest.c >&5
configure:3393: $? = 0
configure:3402: result: yes
configure:3411: checking whether gcc accepts -g
configure:3431: gcc -c -g  conftest.c >&5
configure:3431: $? = 0
configure:3472: result: yes
configure:3489: checking for gcc option to accept ISO C89
configure:3553: gcc  -c -g -O2  conftest.c >&5
configure:3553: $? = 0
configure:3566: result: none needed
configure:3588: checking dependency style of gcc
configure:3698: result: gcc3
configure:3714: checking  _____ weak test for C void* <=> unsigned int conversion
configure:3755: gcc -o conftest -g -O2   conftest.c  >&5
conftest.c: In function 'main':
conftest.c:31: warning: cast to pointer from integer of different size
conftest.c:32: warning: cast from pointer to integer of different size
conftest.c:34: warning: incompatible implicit declaration of built-in function 'exit'
configure:3755: $? = 0
configure:3755: ./conftest
configure:3755: $? = 0
configure:3766: result: passed
configure:3865: checking for gawk
configure:3892: result: awk
configure:3951: checking for gcc
configure:3978: result: gcc
configure:4207: checking for C compiler version
configure:4216: gcc --version >&5
i686-apple-darwin11-llvm-gcc-4.2 (GCC) 4.2.1 (Based on Apple Inc. build 5658) (LLVM build 2336.1.00)
Copyright (C) 2007 Free Software Foundation, Inc.
This is free software; see the source for copying conditions.  There is NO
warranty; not even for MERCHANTABILITY or FITNESS FOR A PARTICULAR PURPOSE.

configure:4227: $? = 0
configure:4216: gcc -v >&5
Using built-in specs.
Target: i686-apple-darwin11
Configured with: /private/var/tmp/llvmgcc42/llvmgcc42-2336.1~22/src/configure --disable-checking --enable-werror --prefix=/Developer/usr/llvm-gcc-4.2 --mandir=/share/man --enable-languages=c,objc,c++,obj-c++ --program-prefix=llvm- --program-transform-name=/^[cg][^.-]*$/s/$/-4.2/ --with-slibdir=/usr/lib --build=i686-apple-darwin11 --enable-llvm=/private/var/tmp/llvmgcc42/llvmgcc42-2336.1~22/dst-llvmCore/Developer/usr/local --program-prefix=i686-apple-darwin11- --host=x86_64-apple-darwin11 --target=i686-apple-darwin11 --with-gxx-include-dir=/usr/include/c++/4.2.1
Thread model: posix
gcc version 4.2.1 (Based on Apple Inc. build 5658) (LLVM build 2336.1.00)
configure:4227: $? = 0
configure:4216: gcc -V >&5
llvm-gcc-4.2: argument to `-V' is missing
configure:4227: $? = 1
configure:4216: gcc -qversion >&5
i686-apple-darwin11-llvm-gcc-4.2: no input files
configure:4227: $? = 1
configure:4231: checking whether we are using the GNU C compiler
configure:4259: result: yes
configure:4268: checking whether gcc accepts -g
configure:4329: result: yes
configure:4346: checking for gcc option to accept ISO C89
configure:4423: result: none needed
configure:4445: checking dependency style of gcc
configure:4555: result: gcc3
configure:4571: checking whether ln -s works
configure:4575: result: yes
configure:4625: checking for ranlib
configure:4641: found /usr/bin/ranlib
configure:4652: result: ranlib
configure:4677: checking for main in -lm
configure:4696: gcc -o conftest -g -O2   conftest.c -lm   >&5
configure:4696: $? = 0
configure:4705: result: yes
configure:4723: checking how to run the C preprocessor
configure:4754: gcc -E  conftest.c
configure:4754: $? = 0
configure:4768: gcc -E  conftest.c
conftest.c:13:28: error: ac_nonexistent.h: No such file or directory
configure:4768: $? = 1
configure: failed program was:
| /* confdefs.h */
| #define PACKAGE_NAME "mcl"
| #define PACKAGE_TARNAME "mcl"
| #define PACKAGE_VERSION "12-068"
| #define PACKAGE_STRING "mcl 12-068"
| #define PACKAGE_BUGREPORT "mcl-devel@lists.micans.org"
| #define PACKAGE_URL ""
| #define PACKAGE "mcl"
| #define VERSION "12-068"
| #define MCL_HELPFUL_REMINDER /**/
| #define HAVE_LIBM 1
| /* end confdefs.h.  */
| #include <ac_nonexistent.h>
configure:4793: result: gcc -E
configure:4813: gcc -E  conftest.c
configure:4813: $? = 0
configure:4827: gcc -E  conftest.c
conftest.c:13:28: error: ac_nonexistent.h: No such file or directory
configure:4827: $? = 1
configure: failed program was:
| /* confdefs.h */
| #define PACKAGE_NAME "mcl"
| #define PACKAGE_TARNAME "mcl"
| #define PACKAGE_VERSION "12-068"
| #define PACKAGE_STRING "mcl 12-068"
| #define PACKAGE_BUGREPORT "mcl-devel@lists.micans.org"
| #define PACKAGE_URL ""
| #define PACKAGE "mcl"
| #define VERSION "12-068"
| #define MCL_HELPFUL_REMINDER /**/
| #define HAVE_LIBM 1
| /* end confdefs.h.  */
| #include <ac_nonexistent.h>
configure:4856: checking for grep that handles long lines and -e
configure:4914: result: /usr/bin/grep
configure:4919: checking for egrep
configure:4981: result: /usr/bin/grep -E
configure:4986: checking for ANSI C header files
configure:5006: gcc -c -g -O2  conftest.c >&5
configure:5006: $? = 0
configure:5079: gcc -o conftest -g -O2   conftest.c -lm  >&5
configure:5079: $? = 0
configure:5079: ./conftest
configure:5079: $? = 0
configure:5090: result: yes
configure:5103: checking for sys/types.h
configure:5103: gcc -c -g -O2  conftest.c >&5
configure:5103: $? = 0
configure:5103: result: yes
configure:5103: checking for sys/stat.h
configure:5103: gcc -c -g -O2  conftest.c >&5
configure:5103: $? = 0
configure:5103: result: yes
configure:5103: checking for stdlib.h
configure:5103: gcc -c -g -O2  conftest.c >&5
configure:5103: $? = 0
configure:5103: result: yes
configure:5103: checking for string.h
configure:5103: gcc -c -g -O2  conftest.c >&5
configure:5103: $? = 0
configure:5103: result: yes
configure:5103: checking for memory.h
configure:5103: gcc -c -g -O2  conftest.c >&5
configure:5103: $? = 0
configure:5103: result: yes
configure:5103: checking for strings.h
configure:5103: gcc -c -g -O2  conftest.c >&5
configure:5103: $? = 0
configure:5103: result: yes
configure:5103: checking for inttypes.h
configure:5103: gcc -c -g -O2  conftest.c >&5
configure:5103: $? = 0
configure:5103: result: yes
configure:5103: checking for stdint.h
configure:5103: gcc -c -g -O2  conftest.c >&5
configure:5103: $? = 0
configure:5103: result: yes
configure:5103: checking for unistd.h
configure:5103: gcc -c -g -O2  conftest.c >&5
configure:5103: $? = 0
configure:5103: result: yes
configure:5119: checking float.h usability
configure:5119: gcc -c -g -O2  conftest.c >&5
configure:5119: $? = 0
configure:5119: result: yes
configure:5119: checking float.h presence
configure:5119: gcc -E  conftest.c
configure:5119: $? = 0
configure:5119: result: yes
configure:5119: checking for float.h
configure:5119: result: yes
configure:5119: checking limits.h usability
configure:5119: gcc -c -g -O2  conftest.c >&5
configure:5119: $? = 0
configure:5119: result: yes
configure:5119: checking limits.h presence
configure:5119: gcc -E  conftest.c
configure:5119: $? = 0
configure:5119: result: yes
configure:5119: checking for limits.h
configure:5119: result: yes
configure:5119: checking malloc.h usability
configure:5119: gcc -c -g -O2  conftest.c >&5
conftest.c:58:20: error: malloc.h: No such file or directory
configure:5119: $? = 1
configure: failed program was:
| /* confdefs.h */
| #define PACKAGE_NAME "mcl"
| #define PACKAGE_TARNAME "mcl"
| #define PACKAGE_VERSION "12-068"
| #define PACKAGE_STRING "mcl 12-068"
| #define PACKAGE_BUGREPORT "mcl-devel@lists.micans.org"
| #define PACKAGE_URL ""
| #define PACKAGE "mcl"
| #define VERSION "12-068"
| #define MCL_HELPFUL_REMINDER /**/
| #define HAVE_LIBM 1
| #define STDC_HEADERS 1
| #define HAVE_SYS_TYPES_H 1
| #define HAVE_SYS_STAT_H 1
| #define HAVE_STDLIB_H 1
| #define HAVE_STRING_H 1
| #define HAVE_MEMORY_H 1
| #define HAVE_STRINGS_H 1
| #define HAVE_INTTYPES_H 1
| #define HAVE_STDINT_H 1
| #define HAVE_UNISTD_H 1
| #define HAVE_FLOAT_H 1
| #define HAVE_LIMITS_H 1
| /* end confdefs.h.  */
| #include <stdio.h>
| #ifdef HAVE_SYS_TYPES_H
| # include <sys/types.h>
| #endif
| #ifdef HAVE_SYS_STAT_H
| # include <sys/stat.h>
| #endif
| #ifdef STDC_HEADERS
| # include <stdlib.h>
| # include <stddef.h>
| #else
| # ifdef HAVE_STDLIB_H
| #  include <stdlib.h>
| # endif
| #endif
| #ifdef HAVE_STRING_H
| # if !defined STDC_HEADERS && defined HAVE_MEMORY_H
| #  include <memory.h>
| # endif
| # include <string.h>
| #endif
| #ifdef HAVE_STRINGS_H
| # include <strings.h>
| #endif
| #ifdef HAVE_INTTYPES_H
| # include <inttypes.h>
| #endif
| #ifdef HAVE_STDINT_H
| # include <stdint.h>
| #endif
| #ifdef HAVE_UNISTD_H
| # include <unistd.h>
| #endif
| #include <malloc.h>
configure:5119: result: no
configure:5119: checking malloc.h presence
configure:5119: gcc -E  conftest.c
conftest.c:25:20: error: malloc.h: No such file or directory
configure:5119: $? = 1
configure: failed program was:
| /* confdefs.h */
| #define PACKAGE_NAME "mcl"
| #define PACKAGE_TARNAME "mcl"
| #define PACKAGE_VERSION "12-068"
| #define PACKAGE_STRING "mcl 12-068"
| #define PACKAGE_BUGREPORT "mcl-devel@lists.micans.org"
| #define PACKAGE_URL ""
| #define PACKAGE "mcl"
| #define VERSION "12-068"
| #define MCL_HELPFUL_REMINDER /**/
| #define HAVE_LIBM 1
| #define STDC_HEADERS 1
| #define HAVE_SYS_TYPES_H 1
| #define HAVE_SYS_STAT_H 1
| #define HAVE_STDLIB_H 1
| #define HAVE_STRING_H 1
| #define HAVE_MEMORY_H 1
| #define HAVE_STRINGS_H 1
| #define HAVE_INTTYPES_H 1
| #define HAVE_STDINT_H 1
| #define HAVE_UNISTD_H 1
| #define HAVE_FLOAT_H 1
| #define HAVE_LIMITS_H 1
| /* end confdefs.h.  */
| #include <malloc.h>
configure:5119: result: no
configure:5119: checking for malloc.h
configure:5119: result: no
configure:5119: checking for stdlib.h
configure:5119: result: yes
configure:5119: checking for string.h
configure:5119: result: yes
configure:5119: checking for unistd.h
configure:5119: result: yes
configure:5132: checking for an ANSI C-conforming const
configure:5197: gcc -c -g -O2  conftest.c >&5
configure:5197: $? = 0
configure:5204: result: yes
configure:5212: checking for size_t
configure:5212: gcc -c -g -O2  conftest.c >&5
configure:5212: $? = 0
configure:5212: gcc -c -g -O2  conftest.c >&5
conftest.c: In function 'main':
conftest.c:64: error: expected expression before ')' token
configure:5212: $? = 1
configure: failed program was:
| /* confdefs.h */
| #define PACKAGE_NAME "mcl"
| #define PACKAGE_TARNAME "mcl"
| #define PACKAGE_VERSION "12-068"
| #define PACKAGE_STRING "mcl 12-068"
| #define PACKAGE_BUGREPORT "mcl-devel@lists.micans.org"
| #define PACKAGE_URL ""
| #define PACKAGE "mcl"
| #define VERSION "12-068"
| #define MCL_HELPFUL_REMINDER /**/
| #define HAVE_LIBM 1
| #define STDC_HEADERS 1
| #define HAVE_SYS_TYPES_H 1
| #define HAVE_SYS_STAT_H 1
| #define HAVE_STDLIB_H 1
| #define HAVE_STRING_H 1
| #define HAVE_MEMORY_H 1
| #define HAVE_STRINGS_H 1
| #define HAVE_INTTYPES_H 1
| #define HAVE_STDINT_H 1
| #define HAVE_UNISTD_H 1
| #define HAVE_FLOAT_H 1
| #define HAVE_LIMITS_H 1
| #define HAVE_STDLIB_H 1
| #define HAVE_STRING_H 1
| #define HAVE_UNISTD_H 1
| /* end confdefs.h.  */
| #include <stdio.h>
| #ifdef HAVE_SYS_TYPES_H
| # include <sys/types.h>
| #endif
| #ifdef HAVE_SYS_STAT_H
| # include <sys/stat.h>
| #endif
| #ifdef STDC_HEADERS
| # include <stdlib.h>
| # include <stddef.h>
| #else
| # ifdef HAVE_STDLIB_H
| #  include <stdlib.h>
| # endif
| #endif
| #ifdef HAVE_STRING_H
| # if !defined STDC_HEADERS && defined HAVE_MEMORY_H
| #  include <memory.h>
| # endif
| # include <string.h>
| #endif
| #ifdef HAVE_STRINGS_H
| # include <strings.h>
| #endif
| #ifdef HAVE_INTTYPES_H
| # include <inttypes.h>
| #endif
| #ifdef HAVE_STDINT_H
| # include <stdint.h>
| #endif
| #ifdef HAVE_UNISTD_H
| # include <unistd.h>
| #endif
| int
| main ()
| {
| if (sizeof ((size_t)))
| 	    return 0;
|   ;
|   return 0;
| }
configure:5212: result: yes
configure:5230: checking build system type
configure:5244: result: i686-apple-darwin11.4.2
configure:5264: checking host system type
configure:5277: result: i686-apple-darwin11.4.2
configure:5461: checking for the pthreads library -lpthreads
configure:5494: gcc -o conftest -g -O2    conftest.c -lpthreads -lm  >&5
ld: library not found for -lpthreads
collect2: ld returned 1 exit status
configure:5494: $? = 1
configure: failed program was:
| /* confdefs.h */
| #define PACKAGE_NAME "mcl"
| #define PACKAGE_TARNAME "mcl"
| #define PACKAGE_VERSION "12-068"
| #define PACKAGE_STRING "mcl 12-068"
| #define PACKAGE_BUGREPORT "mcl-devel@lists.micans.org"
| #define PACKAGE_URL ""
| #define PACKAGE "mcl"
| #define VERSION "12-068"
| #define MCL_HELPFUL_REMINDER /**/
| #define HAVE_LIBM 1
| #define STDC_HEADERS 1
| #define HAVE_SYS_TYPES_H 1
| #define HAVE_SYS_STAT_H 1
| #define HAVE_STDLIB_H 1
| #define HAVE_STRING_H 1
| #define HAVE_MEMORY_H 1
| #define HAVE_STRINGS_H 1
| #define HAVE_INTTYPES_H 1
| #define HAVE_STDINT_H 1
| #define HAVE_UNISTD_H 1
| #define HAVE_FLOAT_H 1
| #define HAVE_LIMITS_H 1
| #define HAVE_STDLIB_H 1
| #define HAVE_STRING_H 1
| #define HAVE_UNISTD_H 1
| /* end confdefs.h.  */
| #include <pthread.h>
| int
| main ()
| {
| pthread_t th; pthread_join(th, 0);
|                      pthread_attr_init(0); pthread_cleanup_push(0, 0);
|                      pthread_create(0,0,0,0); pthread_cleanup_pop(0);
|   ;
|   return 0;
| }
configure:5503: result: no
configure:5406: checking whether pthreads work without any flags
configure:5494: gcc -o conftest -g -O2    conftest.c  -lm  >&5
configure:5494: $? = 0
configure:5503: result: yes
configure:5523: checking for joinable pthread attribute
configure:5536: gcc -o conftest -g -O2    conftest.c  -lm  >&5
configure:5536: $? = 0
configure:5568: result: PTHREAD_CREATE_JOINABLE
configure:5575: checking if more special flags are required for pthreads
configure:5582: result: -D_THREAD_SAFE
configure:5594: checking for cc_r
configure:5622: result: gcc
configure:5661: checking for stdlib.h
configure:5661: result: yes
configure:5671: checking for GNU libc compatible malloc
configure:5695: gcc -o conftest -g -O2 -D_THREAD_SAFE    conftest.c  -lm  >&5
configure:5695: $? = 0
configure:5695: ./conftest
configure:5695: $? = 0
configure:5705: result: yes
configure:5726: checking for working memcmp
configure:5769: gcc -o conftest -g -O2 -D_THREAD_SAFE    conftest.c  -lm  >&5
configure:5769: $? = 0
configure:5769: ./conftest
configure:5769: $? = 0
configure:5779: result: yes
configure:5790: checking for vprintf
configure:5790: gcc -o conftest -g -O2 -D_THREAD_SAFE    conftest.c  -lm  >&5
conftest.c:53: warning: conflicting types for built-in function 'vprintf'
configure:5790: $? = 0
configure:5790: result: yes
configure:5796: checking for _doprnt
configure:5796: gcc -o conftest -g -O2 -D_THREAD_SAFE    conftest.c  -lm  >&5
Undefined symbols for architecture x86_64:
  "__doprnt", referenced from:
      _main in cchhFpec.o
ld: symbol(s) not found for architecture x86_64
collect2: ld returned 1 exit status
configure:5796: $? = 1
configure: failed program was:
| /* confdefs.h */
| #define PACKAGE_NAME "mcl"
| #define PACKAGE_TARNAME "mcl"
| #define PACKAGE_VERSION "12-068"
| #define PACKAGE_STRING "mcl 12-068"
| #define PACKAGE_BUGREPORT "mcl-devel@lists.micans.org"
| #define PACKAGE_URL ""
| #define PACKAGE "mcl"
| #define VERSION "12-068"
| #define MCL_HELPFUL_REMINDER /**/
| #define HAVE_LIBM 1
| #define STDC_HEADERS 1
| #define HAVE_SYS_TYPES_H 1
| #define HAVE_SYS_STAT_H 1
| #define HAVE_STDLIB_H 1
| #define HAVE_STRING_H 1
| #define HAVE_MEMORY_H 1
| #define HAVE_STRINGS_H 1
| #define HAVE_INTTYPES_H 1
| #define HAVE_STDINT_H 1
| #define HAVE_UNISTD_H 1
| #define HAVE_FLOAT_H 1
| #define HAVE_LIMITS_H 1
| #define HAVE_STDLIB_H 1
| #define HAVE_STRING_H 1
| #define HAVE_UNISTD_H 1
| #define HAVE_STDLIB_H 1
| #define HAVE_MALLOC 1
| #define HAVE_VPRINTF 1
| /* end confdefs.h.  */
| /* Define _doprnt to an innocuous variant, in case <limits.h> declares _doprnt.
|    For example, HP-UX 11i <limits.h> declares gettimeofday.  */
| #define _doprnt innocuous__doprnt
| 
| /* System header to define __stub macros and hopefully few prototypes,
|     which can conflict with char _doprnt (); below.
|     Prefer <limits.h> to <assert.h> if __STDC__ is defined, since
|     <limits.h> exists even on freestanding compilers.  */
| 
| #ifdef __STDC__
| # include <limits.h>
| #else
| # include <assert.h>
| #endif
| 
| #undef _doprnt
| 
| /* Override any GCC internal prototype to avoid an error.
|    Use char because int might match the return type of a GCC
|    builtin and then its argument prototype would still apply.  */
| #ifdef __cplusplus
| extern "C"
| #endif
| char _doprnt ();
| /* The GNU C library defines this for functions which it implements
|     to always fail with ENOSYS.  Some functions are actually named
|     something starting with __ and the normal name is an alias.  */
| #if defined __stub__doprnt || defined __stub____doprnt
| choke me
| #endif
| 
| int
| main ()
| {
| return _doprnt ();
|   ;
|   return 0;
| }
configure:5796: result: no
configure:5810: checking for floor
configure:5810: gcc -o conftest -g -O2 -D_THREAD_SAFE    conftest.c  -lm  >&5
conftest.c:54: warning: conflicting types for built-in function 'floor'
configure:5810: $? = 0
configure:5810: result: yes
configure:5810: checking for memset
configure:5810: gcc -o conftest -g -O2 -D_THREAD_SAFE    conftest.c  -lm  >&5
conftest.c:55: warning: conflicting types for built-in function 'memset'
configure:5810: $? = 0
configure:5810: result: yes
configure:5810: checking for pow
configure:5810: gcc -o conftest -g -O2 -D_THREAD_SAFE    conftest.c  -lm  >&5
conftest.c:56: warning: conflicting types for built-in function 'pow'
configure:5810: $? = 0
configure:5810: result: yes
configure:5810: checking for rint
configure:5810: gcc -o conftest -g -O2 -D_THREAD_SAFE    conftest.c  -lm  >&5
conftest.c:57: warning: conflicting types for built-in function 'rint'
configure:5810: $? = 0
configure:5810: result: yes
configure:5810: checking for sqrt
configure:5810: gcc -o conftest -g -O2 -D_THREAD_SAFE    conftest.c  -lm  >&5
conftest.c:58: warning: conflicting types for built-in function 'sqrt'
configure:5810: $? = 0
configure:5810: result: yes
configure:5810: checking for strchr
configure:5810: gcc -o conftest -g -O2 -D_THREAD_SAFE    conftest.c  -lm  >&5
conftest.c:59: warning: conflicting types for built-in function 'strchr'
configure:5810: $? = 0
configure:5810: result: yes
configure:5810: checking for strpbrk
configure:5810: gcc -o conftest -g -O2 -D_THREAD_SAFE    conftest.c  -lm  >&5
conftest.c:60: warning: conflicting types for built-in function 'strpbrk'
configure:5810: $? = 0
configure:5810: result: yes
configure:5810: checking for strstr
configure:5810: gcc -o conftest -g -O2 -D_THREAD_SAFE    conftest.c  -lm  >&5
conftest.c:61: warning: conflicting types for built-in function 'strstr'
configure:5810: $? = 0
configure:5810: result: yes
configure:5822: checking for va_copy() function
configure:5871: gcc -o conftest -g -O2 -D_THREAD_SAFE    conftest.c  -lm  >&5
configure:5871: $? = 0
configure:5871: ./conftest
configure:5871: $? = 0
configure:6255: result: yes
configure:6396: creating ./config.status

## ---------------------- ##
## Running config.status. ##
## ---------------------- ##

This file was extended by mcl config.status 12-068, which was
generated by GNU Autoconf 2.65.  Invocation command line was

  CONFIG_FILES    = 
  CONFIG_HEADERS  = 
  CONFIG_LINKS    = 
  CONFIG_COMMANDS = 
  $ ./config.status 

on Krantis-MacBook-Pro.local

config.status:913: creating Makefile
config.status:913: creating include/Makefile
config.status:913: creating doc/Makefile
config.status:913: creating testing/Makefile
config.status:913: creating testing/stream/Makefile
config.status:913: creating testing/blast/Makefile
config.status:913: creating testing/setops/Makefile
config.status:913: creating graphs/Makefile
config.status:913: creating img/Makefile
config.status:913: creating scripts/Makefile
config.status:913: creating util/Makefile
config.status:913: creating src/Makefile
config.status:913: creating src/clew/Makefile
config.status:913: creating src/mcl/Makefile
config.status:913: creating src/gryphon/Makefile
config.status:913: creating src/impala/Makefile
config.status:913: creating src/shcl/Makefile
config.status:913: creating src/shmcl/Makefile
config.status:913: creating src/shmx/Makefile
config.status:913: creating src/shmcxquery/Makefile
config.status:913: creating src/shmcx/Makefile
config.status:913: creating src/alien/Makefile
config.status:913: creating src/alien/oxygen/Makefile
config.status:913: creating src/alien/oxygen/doc/Makefile
config.status:913: creating src/alien/oxygen/src/Makefile
config.status:913: creating config.h
config.status:1126: executing depfiles commands

## ---------------- ##
## Cache variables. ##
## ---------------- ##

ac_cv_build=i686-apple-darwin11.4.2
ac_cv_c_compiler_gnu=yes
ac_cv_c_const=yes
ac_cv_c_void_uint=passed
ac_cv_env_CC_set=
ac_cv_env_CC_value=
ac_cv_env_CFLAGS_set=
ac_cv_env_CFLAGS_value=
ac_cv_env_CPPFLAGS_set=
ac_cv_env_CPPFLAGS_value=
ac_cv_env_CPP_set=
ac_cv_env_CPP_value=
ac_cv_env_LDFLAGS_set=
ac_cv_env_LDFLAGS_value=
ac_cv_env_LIBS_set=
ac_cv_env_LIBS_value=
ac_cv_env_build_alias_set=
ac_cv_env_build_alias_value=
ac_cv_env_host_alias_set=
ac_cv_env_host_alias_value=
ac_cv_env_target_alias_set=
ac_cv_env_target_alias_value=
ac_cv_func__doprnt=no
ac_cv_func_floor=yes
ac_cv_func_malloc_0_nonnull=yes
ac_cv_func_memcmp_working=yes
ac_cv_func_memset=yes
ac_cv_func_pow=yes
ac_cv_func_rint=yes
ac_cv_func_sqrt=yes
ac_cv_func_strchr=yes
ac_cv_func_strpbrk=yes
ac_cv_func_strstr=yes
ac_cv_func_vprintf=yes
ac_cv_header_float_h=yes
ac_cv_header_inttypes_h=yes
ac_cv_header_limits_h=yes
ac_cv_header_malloc_h=no
ac_cv_header_memory_h=yes
ac_cv_header_stdc=yes
ac_cv_header_stdint_h=yes
ac_cv_header_stdlib_h=yes
ac_cv_header_string_h=yes
ac_cv_header_strings_h=yes
ac_cv_header_sys_stat_h=yes
ac_cv_header_sys_types_h=yes
ac_cv_header_unistd_h=yes
ac_cv_host=i686-apple-darwin11.4.2
ac_cv_lib_m_main=yes
ac_cv_objext=o
ac_cv_path_EGREP='/usr/bin/grep -E'
ac_cv_path_GREP=/usr/bin/grep
ac_cv_path_install='/usr/bin/install -c'
ac_cv_prog_AWK=awk
ac_cv_prog_CPP='gcc -E'
ac_cv_prog_PTHREAD_CC=gcc
ac_cv_prog_ac_ct_CC=gcc
ac_cv_prog_ac_ct_RANLIB=ranlib
ac_cv_prog_cc_c89=
ac_cv_prog_cc_g=yes
ac_cv_prog_make_make_set=yes
ac_cv_type_size_t=yes
ac_cv_va_copy=C99
am_cv_CC_dependencies_compiler_type=gcc3

## ----------------- ##
## Output variables. ##
## ----------------- ##

ACLOCAL='${SHELL} /Users/krantikonganti/Projects/jcai/SBEToolbox/plugins/Correlation_Network/mcl-12-068/autofoo/missing --run aclocal-1.11'
AMDEPBACKSLASH='\'
AMDEP_FALSE='#'
AMDEP_TRUE=''
AMTAR='${SHELL} /Users/krantikonganti/Projects/jcai/SBEToolbox/plugins/Correlation_Network/mcl-12-068/autofoo/missing --run tar'
AUTOCONF='${SHELL} /Users/krantikonganti/Projects/jcai/SBEToolbox/plugins/Correlation_Network/mcl-12-068/autofoo/missing --run autoconf'
AUTOHEADER='${SHELL} /Users/krantikonganti/Projects/jcai/SBEToolbox/plugins/Correlation_Network/mcl-12-068/autofoo/missing --run autoheader'
AUTOMAKE='${SHELL} /Users/krantikonganti/Projects/jcai/SBEToolbox/plugins/Correlation_Network/mcl-12-068/autofoo/missing --run automake-1.11'
AWK='awk'
BUILD_BLAST_FALSE=''
BUILD_BLAST_TRUE='#'
CC='gcc'
CCDEPMODE='depmode=gcc3'
CFLAGS='-g -O2 -D_THREAD_SAFE '
CPP='gcc -E'
CPPFLAGS=''
CYGPATH_W='echo'
DEFS='-DHAVE_CONFIG_H'
DEPDIR='.deps'
ECHO_C='\c'
ECHO_N=''
ECHO_T=''
EGREP='/usr/bin/grep -E'
EXEEXT=''
GREP='/usr/bin/grep'
INSTALL_DATA='${INSTALL} -m 644'
INSTALL_PROGRAM='${INSTALL}'
INSTALL_SCRIPT='${INSTALL}'
INSTALL_STRIP_PROGRAM='$(install_sh) -c -s'
LDFLAGS=''
LIBOBJS=''
LIBS=' -lm '
LN_S='ln -s'
LTLIBOBJS=''
MAINT='#'
MAINTAINER_MODE_FALSE=''
MAINTAINER_MODE_TRUE='#'
MAKEINFO='${SHELL} /Users/krantikonganti/Projects/jcai/SBEToolbox/plugins/Correlation_Network/mcl-12-068/autofoo/missing --run makeinfo'
MKDIR_P='./mcl-12-068/autofoo/install-sh -c -d'
OBJEXT='o'
PACKAGE='mcl'
PACKAGE_BUGREPORT='mcl-devel@lists.micans.org'
PACKAGE_NAME='mcl'
PACKAGE_STRING='mcl 12-068'
PACKAGE_TARNAME='mcl'
PACKAGE_URL=''
PACKAGE_VERSION='12-068'
PATH_SEPARATOR=':'
PTHREAD_CC='gcc'
PTHREAD_CFLAGS='-D_THREAD_SAFE '
PTHREAD_LIBS=''
RANLIB='ranlib'
SET_MAKE=''
SHELL='/bin/sh'
STRIP=''
VERSION='12-068'
ac_ct_CC='gcc'
acx_pthread_config=''
am__EXEEXT_FALSE=''
am__EXEEXT_TRUE='#'
am__fastdepCC_FALSE='#'
am__fastdepCC_TRUE=''
am__include='include'
am__isrc=' -I$(srcdir)'
am__leading_dot='.'
am__quote=''
am__tar='${AMTAR} chof - "$$tardir"'
am__untar='${AMTAR} xf -'
bindir='${exec_prefix}/bin'
build='i686-apple-darwin11.4.2'
build_alias=''
build_cpu='i686'
build_os='darwin11.4.2'
build_vendor='apple'
datadir='${datarootdir}'
datarootdir='${prefix}/share'
docdir='${datarootdir}/doc/${PACKAGE_TARNAME}'
dvidir='${docdir}'
exec_prefix='${prefix}'
host='i686-apple-darwin11.4.2'
host_alias=''
host_cpu='i686'
host_os='darwin11.4.2'
host_vendor='apple'
htmldir='${docdir}'
includedir='${prefix}/include'
infodir='${datarootdir}/info'
install_sh='${SHELL} /Users/krantikonganti/Projects/jcai/SBEToolbox/plugins/Correlation_Network/mcl-12-068/autofoo/install-sh'
libdir='${exec_prefix}/lib'
libexecdir='${exec_prefix}/libexec'
localedir='${datarootdir}/locale'
localstatedir='${prefix}/var'
mandir='${datarootdir}/man'
mkdir_p='$(top_builddir)/./mcl-12-068/autofoo/install-sh -c -d'
oldincludedir='/usr/include'
pdfdir='${docdir}'
prefix='/Users/krantikonganti/Projects/jcai/SBEToolbox/plugins/Correlation_Network/unix/.'
program_transform_name='s,x,x,'
psdir='${docdir}'
sbindir='${exec_prefix}/sbin'
sharedstatedir='${prefix}/com'
sysconfdir='${prefix}/etc'
target_alias=''

## ----------- ##
## confdefs.h. ##
## ----------- ##

/* confdefs.h */
#define PACKAGE_NAME "mcl"
#define PACKAGE_TARNAME "mcl"
#define PACKAGE_VERSION "12-068"
#define PACKAGE_STRING "mcl 12-068"
#define PACKAGE_BUGREPORT "mcl-devel@lists.micans.org"
#define PACKAGE_URL ""
#define PACKAGE "mcl"
#define VERSION "12-068"
#define MCL_HELPFUL_REMINDER /**/
#define HAVE_LIBM 1
#define STDC_HEADERS 1
#define HAVE_SYS_TYPES_H 1
#define HAVE_SYS_STAT_H 1
#define HAVE_STDLIB_H 1
#define HAVE_STRING_H 1
#define HAVE_MEMORY_H 1
#define HAVE_STRINGS_H 1
#define HAVE_INTTYPES_H 1
#define HAVE_STDINT_H 1
#define HAVE_UNISTD_H 1
#define HAVE_FLOAT_H 1
#define HAVE_LIMITS_H 1
#define HAVE_STDLIB_H 1
#define HAVE_STRING_H 1
#define HAVE_UNISTD_H 1
#define HAVE_STDLIB_H 1
#define HAVE_MALLOC 1
#define HAVE_VPRINTF 1
#define HAVE_FLOOR 1
#define HAVE_MEMSET 1
#define HAVE_POW 1
#define HAVE_RINT 1
#define HAVE_SQRT 1
#define HAVE_STRCHR 1
#define HAVE_STRPBRK 1
#define HAVE_STRSTR 1
#define HAVE_VA_COPY 1
#define __VA_COPY_USE __VA_COPY_USE_C99

configure: exit 0
